Дата: 14.07.23 | Время: 22:46:52
<function test_1.<locals>.hello_world at 0x0000021A11629870>
(){}
Hello World

Дата: 14.07.23 | Время: 22:46:52
<function test_1.<locals>.summator at 0x0000021A11629090>
(2, 2){}
4

Дата: 14.07.23 | Время: 22:46:52
<function test_1.<locals>.div at 0x0000021A11629240>
(6, 2){}
3.0

Дата: 14.07.23 | Время: 22:46:52
<function test_1.<locals>.summator at 0x0000021A11629090>
(4.3,){'b': 2.2}
6.5

Дата: 14.07.23 | Время: 22:46:52
<function test_1.<locals>.summator at 0x0000021A11629090>
(){'a': 0, 'b': 0}
0

Дата: 14.07.23 | Время: 22:46:52
<function list_of_lists at 0x0000021A116284C0>
([3, 4], [1, 2, 3, 4]){}
[1, 2, 3, 4]

Дата: 14.07.23 | Время: 22:46:52
<function list_of_lists at 0x0000021A116284C0>
([5, 6, 7], [1, 2, 3, 4, 5, 6, 7]){}
[1, 2, 3, 4, 5, 6, 7]

Дата: 14.07.23 | Время: 22:46:52
<function list_of_lists at 0x0000021A116284C0>
([8, 9, 10], [1, 2, 3, 4, 5, 6, 7, 8, 9, 10]){}
[1, 2, 3, 4, 5, 6, 7, 8, 9, 10]

Дата: 14.07.23 | Время: 22:46:52
<function list_of_lists at 0x0000021A116284C0>
([[5, 6, 7], [8, 9, 10]], [1, 2, 3, 4, 5, 6, 7, 8, 9, 10]){}
[1, 2, 3, 4, 5, 6, 7, 8, 9, 10]

Дата: 14.07.23 | Время: 22:46:52
<function list_of_lists at 0x0000021A116284C0>
([11, 12, 13], [1, 2, 3, 4, 5, 6, 7, 8, 9, 10, 11, 12, 13]){}
[1, 2, 3, 4, 5, 6, 7, 8, 9, 10, 11, 12, 13]

Дата: 14.07.23 | Время: 22:46:52
<function list_of_lists at 0x0000021A116284C0>
([14, 15], [1, 2, 3, 4, 5, 6, 7, 8, 9, 10, 11, 12, 13, 14, 15]){}
[1, 2, 3, 4, 5, 6, 7, 8, 9, 10, 11, 12, 13, 14, 15]

Дата: 14.07.23 | Время: 22:46:52
<function list_of_lists at 0x0000021A116284C0>
([16, 17, 18], [1, 2, 3, 4, 5, 6, 7, 8, 9, 10, 11, 12, 13, 14, 15, 16, 17, 18]){}
[1, 2, 3, 4, 5, 6, 7, 8, 9, 10, 11, 12, 13, 14, 15, 16, 17, 18]

Дата: 14.07.23 | Время: 22:46:52
<function list_of_lists at 0x0000021A116284C0>
([[11, 12, 13], [14, 15], [16, 17, 18]], [1, 2, 3, 4, 5, 6, 7, 8, 9, 10, 11, 12, 13, 14, 15, 16, 17, 18]){}
[1, 2, 3, 4, 5, 6, 7, 8, 9, 10, 11, 12, 13, 14, 15, 16, 17, 18]

Дата: 14.07.23 | Время: 22:46:52
<function list_of_lists at 0x0000021A116284C0>
([1, 2, [3, 4], [[5, 6, 7], [8, 9, 10]], [[11, 12, 13], [14, 15], [16, 17, 18]]],){}
[1, 2, 3, 4, 5, 6, 7, 8, 9, 10, 11, 12, 13, 14, 15, 16, 17, 18]

